#
# There is insufficient memory for the Java Runtime Environment to continue.
# Native memory allocation (malloc) failed to allocate 1048576 bytes. Error detail: AllocateHeap
# Possible reasons:
#   The system is out of physical RAM or swap space
#   This process is running with CompressedOops enabled, and the Java Heap may be blocking the growth of the native heap
# Possible solutions:
#   Reduce memory load on the system
#   Increase physical memory or swap space
#   Check if swap backing store is full
#   Decrease Java heap size (-Xmx/-Xms)
#   Decrease number of Java threads
#   Decrease Java thread stack sizes (-Xss)
#   Set larger code cache with -XX:ReservedCodeCacheSize=
#   JVM is running with Unscaled Compressed Oops mode in which the Java heap is
#     placed in the first 4GB address space. The Java Heap base address is the
#     maximum limit for the native heap growth. Please use -XX:HeapBaseMinAddress
#     to set the Java Heap base and to place the Java Heap above 4GB virtual address.
# This output file may be truncated or incomplete.
#
#  Out of Memory Error (allocation.cpp:44), pid=19308, tid=18776
#
# JRE version: OpenJDK Runtime Environment Temurin-21.0.8+9 (21.0.8+9) (build 21.0.8+9-LTS)
# Java VM: OpenJDK 64-Bit Server VM Temurin-21.0.8+9 (21.0.8+9-LTS, mixed mode, sharing, tiered, compressed oops, compressed class ptrs, parallel gc, windows-amd64)
# No core dump will be written. Minidumps are not enabled by default on client versions of Windows
#

---------------  S U M M A R Y ------------

Command Line: --add-modules=ALL-SYSTEM --add-opens=java.base/java.util=ALL-UNNAMED --add-opens=java.base/java.lang=ALL-UNNAMED --add-opens=java.base/sun.nio.fs=ALL-UNNAMED -Declipse.application=org.eclipse.jdt.ls.core.id1 -Dosgi.bundles.defaultStartLevel=4 -Declipse.product=org.eclipse.jdt.ls.core.product -Djava.import.generatesMetadataFilesAtProjectRoot=false -DDetectVMInstallationsJob.disabled=true -Dfile.encoding=utf8 -XX:+UseParallelGC -XX:GCTimeRatio=4 -XX:AdaptiveSizePolicyWeight=90 -Dsun.zip.disableMemoryMapping=true -Xmx2G -Xms100m -Xlog:disable -javaagent:c:\Users\srawa\.cursor\extensions\redhat.java-1.45.0-win32-x64\lombok\lombok-1.18.39-4050.jar -XX:+HeapDumpOnOutOfMemoryError -XX:HeapDumpPath=c:\Users\srawa\AppData\Roaming\Cursor\User\workspaceStorage\53dd782a358c8e7ae3a357cb4d719318\redhat.java -Daether.dependencyCollector.impl=bf c:\Users\srawa\.cursor\extensions\redhat.java-1.45.0-win32-x64\server\plugins\org.eclipse.equinox.launcher_1.7.0.v20250519-0528.jar -configuration c:\Users\srawa\AppData\Roaming\Cursor\User\globalStorage\redhat.java\1.45.0\config_win -data c:\Users\srawa\AppData\Roaming\Cursor\User\workspaceStorage\53dd782a358c8e7ae3a357cb4d719318\redhat.java\jdt_ws --pipe=\\.\pipe\lsp-fd5a37bd826707543bd088c38b49f6aa-sock

Host: AMD Ryzen 3 5300U with Radeon Graphics         , 6 cores, 7G,  Windows 11 , 64 bit Build 26100 (10.0.26100.5074)
Time: Sat Sep 20 14:00:13 2025 India Standard Time elapsed time: 469.388795 seconds (0d 0h 7m 49s)

---------------  T H R E A D  ---------------

Current thread (0x000002de268c3fd0):  JavaThread "Attach Listener" daemon [_thread_in_vm, id=18776, stack(0x000000e883d00000,0x000000e883e00000) (1024K)]

Stack: [0x000000e883d00000,0x000000e883e00000]
Native frames: (J=compiled Java code, j=interpreted, Vv=VM code, C=native code)
V  [jvm.dll+0x6d2449]
V  [jvm.dll+0x8ae341]
V  [jvm.dll+0x8b08be]
V  [jvm.dll+0x8b0fa3]
V  [jvm.dll+0x280c96]
V  [jvm.dll+0xc0347]
V  [jvm.dll+0x6d2cf9]
V  [jvm.dll+0x131116]
V  [jvm.dll+0x3f2d16]
V  [jvm.dll+0x857e6b]
V  [jvm.dll+0x6d0b0d]
C  [ucrtbase.dll+0x37b0]
C  [KERNEL32.DLL+0x2e8d7]
C  [ntdll.dll+0x8d9c]


---------------  P R O C E S S  ---------------

Threads class SMR info:
_java_thread_list=0x000002de07517b00, length=40, elements={
0x000002de2459a120, 0x000002de268bd250, 0x000002de268bfbb0, 0x000002de268c3380,
0x000002de268c3fd0, 0x000002de268c4c20, 0x000002de268c7680, 0x000002de268c84b0,
0x000002de26933bc0, 0x000002de7f5d9060, 0x000002de7f8230f0, 0x000002de041b9640,
0x000002de04625290, 0x000002de04659000, 0x000002de04659a30, 0x000002de0488f940,
0x000002de04c57750, 0x000002de04d3da80, 0x000002de04d3ee30, 0x000002de04d3c040,
0x000002de04d3cd60, 0x000002de070229a0, 0x000002de07023030, 0x000002de070236c0,
0x000002de07025100, 0x000002de07021c80, 0x000002de07024a70, 0x000002de07025e20,
0x000002de07026b40, 0x000002de070264b0, 0x000002de070271d0, 0x000002de04d3d3f0,
0x000002de05ff8f70, 0x000002de05ff7bc0, 0x000002de05ffeb50, 0x000002de05ffe4c0,
0x000002de05ffd110, 0x000002de05ffca80, 0x000002de05ffb6d0, 0x000002de05ffbd60
}

Java Threads: ( => current thread )
  0x000002de2459a120 JavaThread "main"                              [_thread_blocked, id=11764, stack(0x000000e883600000,0x000000e883700000) (1024K)]
  0x000002de268bd250 JavaThread "Reference Handler"          daemon [_thread_blocked, id=6576, stack(0x000000e883a00000,0x000000e883b00000) (1024K)]
  0x000002de268bfbb0 JavaThread "Finalizer"                  daemon [_thread_blocked, id=7964, stack(0x000000e883b00000,0x000000e883c00000) (1024K)]
  0x000002de268c3380 JavaThread "Signal Dispatcher"          daemon [_thread_blocked, id=17096, stack(0x000000e883c00000,0x000000e883d00000) (1024K)]
=>0x000002de268c3fd0 JavaThread "Attach Listener"            daemon [_thread_in_vm, id=18776, stack(0x000000e883d00000,0x000000e883e00000) (1024K)]
  0x000002de268c4c20 JavaThread "Service Thread"             daemon [_thread_blocked, id=816, stack(0x000000e883e00000,0x000000e883f00000) (1024K)]
  0x000002de268c7680 JavaThread "Monitor Deflation Thread"   daemon [_thread_blocked, id=15748, stack(0x000000e883f00000,0x000000e884000000) (1024K)]
  0x000002de268c84b0 JavaThread "C2 CompilerThread0"         daemon [_thread_blocked, id=16300, stack(0x000000e884000000,0x000000e884100000) (1024K)]
  0x000002de26933bc0 JavaThread "C1 CompilerThread0"         daemon [_thread_blocked, id=17212, stack(0x000000e884100000,0x000000e884200000) (1024K)]
  0x000002de7f5d9060 JavaThread "Common-Cleaner"             daemon [_thread_blocked, id=17416, stack(0x000000e884200000,0x000000e884300000) (1024K)]
  0x000002de7f8230f0 JavaThread "Notification Thread"        daemon [_thread_blocked, id=17828, stack(0x000000e884300000,0x000000e884400000) (1024K)]
  0x000002de041b9640 JavaThread "Active Thread: Equinox Container: 1789a305-dcc7-4f2a-91e0-03648cbdee82"        [_thread_blocked, id=17588, stack(0x000000e884a00000,0x000000e884b00000) (1024K)]
  0x000002de04625290 JavaThread "Refresh Thread: Equinox Container: 1789a305-dcc7-4f2a-91e0-03648cbdee82" daemon [_thread_blocked, id=9712, stack(0x000000e884b00000,0x000000e884c00000) (1024K)]
  0x000002de04659000 JavaThread "Framework Event Dispatcher: Equinox Container: 1789a305-dcc7-4f2a-91e0-03648cbdee82" daemon [_thread_blocked, id=9764, stack(0x000000e884c00000,0x000000e884d00000) (1024K)]
  0x000002de04659a30 JavaThread "Start Level: Equinox Container: 1789a305-dcc7-4f2a-91e0-03648cbdee82" daemon [_thread_blocked, id=16512, stack(0x000000e884d00000,0x000000e884e00000) (1024K)]
  0x000002de0488f940 JavaThread "Bundle File Closer"         daemon [_thread_blocked, id=18400, stack(0x000000e884e00000,0x000000e884f00000) (1024K)]
  0x000002de04c57750 JavaThread "SCR Component Actor"        daemon [_thread_blocked, id=3268, stack(0x000000e884400000,0x000000e884500000) (1024K)]
  0x000002de04d3da80 JavaThread "Worker-JM"                         [_thread_blocked, id=9520, stack(0x000000e885000000,0x000000e885100000) (1024K)]
  0x000002de04d3ee30 JavaThread "JNA Cleaner"                daemon [_thread_blocked, id=2440, stack(0x000000e885100000,0x000000e885200000) (1024K)]
  0x000002de04d3c040 JavaThread "Java indexing"              daemon [_thread_blocked, id=1008, stack(0x000000e885500000,0x000000e885600000) (1024K)]
  0x000002de04d3cd60 JavaThread "Worker-2"                          [_thread_blocked, id=3668, stack(0x000000e885600000,0x000000e885700000) (1024K)]
  0x000002de070229a0 JavaThread "Thread-2"                   daemon [_thread_in_native, id=13532, stack(0x000000e885b00000,0x000000e885c00000) (1024K)]
  0x000002de07023030 JavaThread "Thread-3"                   daemon [_thread_in_native, id=18496, stack(0x000000e885c00000,0x000000e885d00000) (1024K)]
  0x000002de070236c0 JavaThread "Thread-4"                   daemon [_thread_in_native, id=7624, stack(0x000000e885d00000,0x000000e885e00000) (1024K)]
  0x000002de07025100 JavaThread "Thread-5"                   daemon [_thread_in_native, id=9536, stack(0x000000e885e00000,0x000000e885f00000) (1024K)]
  0x000002de07021c80 JavaThread "Thread-6"                   daemon [_thread_in_native, id=15372, stack(0x000000e885f00000,0x000000e886000000) (1024K)]
  0x000002de07024a70 JavaThread "Thread-7"                   daemon [_thread_in_native, id=10128, stack(0x000000e886000000,0x000000e886100000) (1024K)]
  0x000002de07025e20 JavaThread "Thread-8"                   daemon [_thread_in_native, id=17884, stack(0x000000e886100000,0x000000e886200000) (1024K)]
  0x000002de07026b40 JavaThread "pool-2-thread-1"                   [_thread_blocked, id=13468, stack(0x000000e886200000,0x000000e886300000) (1024K)]
  0x000002de070264b0 JavaThread "WorkspaceEventsHandler"            [_thread_blocked, id=15776, stack(0x000000e886300000,0x000000e886400000) (1024K)]
  0x000002de070271d0 JavaThread "pool-1-thread-1"                   [_thread_blocked, id=18364, stack(0x000000e886400000,0x000000e886500000) (1024K)]
  0x000002de04d3d3f0 JavaThread "ForkJoinPool.commonPool-worker-2" daemon [_thread_blocked, id=16320, stack(0x000000e886500000,0x000000e886600000) (1024K)]
  0x000002de05ff8f70 JavaThread "ForkJoinPool.commonPool-worker-4" daemon [_thread_blocked, id=4988, stack(0x000000e886800000,0x000000e886900000) (1024K)]
  0x000002de05ff7bc0 JavaThread "Java Debug Server"          daemon [_thread_in_native, id=6484, stack(0x000000e883500000,0x000000e883600000) (1024K)]
  0x000002de05ffeb50 JavaThread "pool-4-thread-1"                   [_thread_in_native, id=1168, stack(0x000000e884f00000,0x000000e885000000) (1024K)]
  0x000002de05ffe4c0 JavaThread "RxSchedulerPurge-1"         daemon [_thread_blocked, id=3068, stack(0x000000e885200000,0x000000e885300000) (1024K)]
  0x000002de05ffd110 JavaThread "RxCachedWorkerPoolEvictor-1" daemon [_thread_blocked, id=3572, stack(0x000000e885300000,0x000000e885400000) (1024K)]
  0x000002de05ffca80 JavaThread "RxNewThreadScheduler-1"     daemon [_thread_blocked, id=19232, stack(0x000000e885700000,0x000000e885800000) (1024K)]
  0x000002de05ffb6d0 JavaThread "process reaper (pid 16376)" daemon [_thread_in_native, id=10408, stack(0x000000e883400000,0x000000e883420000) (128K)]
  0x000002de05ffbd60 JavaThread "Worker-5"                          [_thread_blocked, id=2356, stack(0x000000e886900000,0x000000e886a00000) (1024K)]
Total: 40

Other Threads:
  0x000002de26a4e4a0 VMThread "VM Thread"                           [id=13872, stack(0x000000e883900000,0x000000e883a00000) (1024K)]
  0x000002de2681ca00 WatcherThread "VM Periodic Task Thread"        [id=11684, stack(0x000000e883800000,0x000000e883900000) (1024K)]
  0x000002de269aa850 WorkerThread "GC Thread#0"                     [id=11196, stack(0x000000e883700000,0x000000e883800000) (1024K)]
  0x000002de042df080 WorkerThread "GC Thread#1"                     [id=15960, stack(0x000000e884500000,0x000000e884600000) (1024K)]
  0x000002de04089f80 WorkerThread "GC Thread#2"                     [id=12600, stack(0x000000e884600000,0x000000e884700000) (1024K)]
  0x000002de0408a320 WorkerThread "GC Thread#3"                     [id=2740, stack(0x000000e884700000,0x000000e884800000) (1024K)]
  0x000002de0408a6c0 WorkerThread "GC Thread#4"                     [id=16876, stack(0x000000e884800000,0x000000e884900000) (1024K)]
  0x000002de0408ae60 WorkerThread "GC Thread#5"                     [id=13572, stack(0x000000e884900000,0x000000e884a00000) (1024K)]
Total: 8

Threads with active compile tasks:
Total: 0

VM state: not at safepoint (normal execution)

VM Mutex/Monitor currently owned by a thread: None

Heap address: 0x0000000080000000, size: 2048 MB, Compressed Oops mode: 32-bit

CDS archive(s) mapped at: [0x000002de3e000000-0x000002de3eba0000-0x000002de3eba0000), size 12189696, SharedBaseAddress: 0x000002de3e000000, ArchiveRelocationMode: 1.
Compressed class space mapped at: 0x000002de3f000000-0x000002de7f000000, reserved size: 1073741824
Narrow klass base: 0x000002de3e000000, Narrow klass shift: 0, Narrow klass range: 0x100000000

GC Precious Log:
 CardTable entry size: 512
 CPUs: 6 total, 6 available
 Memory: 7502M
 Large Page Support: Disabled
 NUMA Support: Disabled
 Compressed Oops: Enabled (32-bit)
 Alignments: Space 512K, Generation 512K, Heap 2M
 Heap Min Capacity: 100M
 Heap Initial Capacity: 100M
 Heap Max Capacity: 2G
 Pre-touch: Disabled
 Parallel Workers: 6

Heap:
 PSYoungGen      total 17920K, used 5462K [0x00000000d5580000, 0x00000000d6a80000, 0x0000000100000000)
  eden space 16896K, 28% used [0x00000000d5580000,0x00000000d5a25b18,0x00000000d6600000)
  from space 1024K, 68% used [0x00000000d6880000,0x00000000d6930088,0x00000000d6980000)
  to   space 1024K, 0% used [0x00000000d6980000,0x00000000d6980000,0x00000000d6a80000)
 ParOldGen       total 68608K, used 58834K [0x0000000080000000, 0x0000000084300000, 0x00000000d5580000)
  object space 68608K, 85% used [0x0000000080000000,0x0000000083974840,0x0000000084300000)
 Metaspace       used 68268K, committed 69824K, reserved 1114112K
  class space    used 7231K, committed 7936K, reserved 1048576K

Card table byte_map: [0x000002de26330000,0x000002de26740000] _byte_map_base: 0x000002de25f30000

Marking Bits: (ParMarkBitMap*) 0x00007fff4f4fa340
 Begin Bits: [0x000002de38e30000, 0x000002de3ae30000)
 End Bits:   [0x000002de3ae30000, 0x000002de3ce30000)

Polling page: 0x000002de249b0000

Metaspace:

Usage:
  Non-class:     59.61 MB used.
      Class:      7.06 MB used.
       Both:     66.67 MB used.

Virtual space:
  Non-class space:       64.00 MB reserved,      60.44 MB ( 94%) committed,  1 nodes.
      Class space:        1.00 GB reserved,       7.75 MB ( <1%) committed,  1 nodes.
             Both:        1.06 GB reserved,      68.19 MB (  6%) committed. 

Chunk freelists:
   Non-Class:  3.33 MB
       Class:  8.09 MB
        Both:  11.41 MB

MaxMetaspaceSize: unlimited
CompressedClassSpaceSize: 1.00 GB
Initial GC threshold: 21.00 MB
Current GC threshold: 97.31 MB
CDS: on
 - commit_granule_bytes: 65536.
 - commit_granule_words: 8192.
 - virtual_space_node_default_size: 8388608.
 - enlarge_chunks_in_place: 1.
 - use_allocation_guard: 0.


Internal statistics:

num_allocs_failed_limit: 9.
num_arena_births: 1294.
num_arena_deaths: 20.
num_vsnodes_births: 2.
num_vsnodes_deaths: 0.
num_space_committed: 1091.
num_space_uncommitted: 0.
num_chunks_returned_to_freelist: 32.
num_chunks_taken_from_freelist: 4566.
num_chunk_merges: 10.
num_chunk_splits: 2804.
num_chunks_enlarged: 1580.
num_inconsistent_stats: 0.

CodeHeap 'non-profiled nmethods': size=120000Kb used=7252Kb max_used=7252Kb free=112747Kb
 bounds [0x000002de31650000, 0x000002de31d70000, 0x000002de38b80000]
CodeHeap 'profiled nmethods': size=120000Kb used=24739Kb max_used=24739Kb free=95260Kb
 bounds [0x000002de29b80000, 0x000002de2b3b0000, 0x000002de310b0000]
CodeHeap 'non-nmethods': size=5760Kb used=1463Kb max_used=1517Kb free=4296Kb
 bounds [0x000002de310b0000, 0x000002de31320000, 0x000002de31650000]
CodeCache: size=245760Kb, used=33454Kb, max_used=33508Kb, free=212303Kb
 total_blobs=11345, nmethods=10567, adapters=681, full_count=0
Compilation: enabled, stopped_count=0, restarted_count=0

Compilation events (20 events):
Event: 395.648 Thread 0x000002de26933bc0 11386   !   3       java.util.concurrent.ThreadPoolExecutor::getTask (177 bytes)
Event: 395.649 Thread 0x000002de26933bc0 nmethod 11386 0x000002de2b3a2e10 code [0x000002de2b3a30c0, 0x000002de2b3a3ef0]
Event: 401.661 Thread 0x000002de26933bc0 11387       3       java.util.concurrent.ThreadPoolExecutor::afterExecute (1 bytes)
Event: 401.661 Thread 0x000002de26933bc0 nmethod 11387 0x000002de2b3a4390 code [0x000002de2b3a4520, 0x000002de2b3a4628]
Event: 411.652 Thread 0x000002de26933bc0 11388       3       java.util.concurrent.locks.AbstractQueuedSynchronizer$ConditionObject::unlinkCancelledWaiters (91 bytes)
Event: 411.652 Thread 0x000002de26933bc0 nmethod 11388 0x000002de2b3a4690 code [0x000002de2b3a4840, 0x000002de2b3a4bd0]
Event: 424.654 Thread 0x000002de26933bc0 11390   !   3       java.util.concurrent.ScheduledThreadPoolExecutor$DelayedWorkQueue::take (203 bytes)
Event: 424.656 Thread 0x000002de26933bc0 nmethod 11390 0x000002de2b3a4d10 code [0x000002de2b3a50e0, 0x000002de2b3a6980]
Event: 424.656 Thread 0x000002de26933bc0 11389       3       java.util.concurrent.ScheduledThreadPoolExecutor$DelayedWorkQueue::take (5 bytes)
Event: 424.657 Thread 0x000002de26933bc0 nmethod 11389 0x000002de2b3a7490 code [0x000002de2b3a7640, 0x000002de2b3a7798]
Event: 424.670 Thread 0x000002de26933bc0 11391       3       java.util.concurrent.ScheduledThreadPoolExecutor$DelayedWorkQueue::add (9 bytes)
Event: 424.671 Thread 0x000002de26933bc0 nmethod 11391 0x000002de2b3a7890 code [0x000002de2b3a7a60, 0x000002de2b3a7d38]
Event: 424.671 Thread 0x000002de26933bc0 11392       3       java.util.concurrent.ThreadPoolExecutor::ensurePrestart (41 bytes)
Event: 424.671 Thread 0x000002de26933bc0 nmethod 11392 0x000002de2b3a7e10 code [0x000002de2b3a7fe0, 0x000002de2b3a8290]
Event: 428.657 Thread 0x000002de26933bc0 11393       3       java.util.concurrent.ScheduledThreadPoolExecutor$ScheduledFutureTask::run (57 bytes)
Event: 428.658 Thread 0x000002de26933bc0 nmethod 11393 0x000002de2b3a8390 code [0x000002de2b3a85c0, 0x000002de2b3a8a50]
Event: 455.659 Thread 0x000002de268c84b0 11394       4       java.util.concurrent.locks.AbstractQueuedSynchronizer$ConditionObject::signal (34 bytes)
Event: 455.661 Thread 0x000002de268c84b0 nmethod 11394 0x000002de31d64f90 code [0x000002de31d65140, 0x000002de31d65270]
Event: 460.651 Thread 0x000002de26933bc0 11395       3       java.util.concurrent.locks.AbstractQueuedSynchronizer$Node::setStatusRelaxed (12 bytes)
Event: 460.652 Thread 0x000002de26933bc0 nmethod 11395 0x000002de2b3a8c10 code [0x000002de2b3a8da0, 0x000002de2b3a8eb8]

GC Heap History (20 events):
Event: 24.160 GC heap before
{Heap before GC invocations=67 (full 3):
 PSYoungGen      total 19456K, used 19184K [0x00000000d5580000, 0x00000000d6a00000, 0x0000000100000000)
  eden space 18432K, 100% used [0x00000000d5580000,0x00000000d6780000,0x00000000d6780000)
  from space 1024K, 73% used [0x00000000d6780000,0x00000000d683c010,0x00000000d6880000)
  to   space 1024K, 0% used [0x00000000d6900000,0x00000000d6900000,0x00000000d6a00000)
 ParOldGen       total 68608K, used 48783K [0x0000000080000000, 0x0000000084300000, 0x00000000d5580000)
  object space 68608K, 71% used [0x0000000080000000,0x0000000082fa3ef8,0x0000000084300000)
 Metaspace       used 60665K, committed 62144K, reserved 1114112K
  class space    used 6454K, committed 7104K, reserved 1048576K
}
Event: 24.163 GC heap after
{Heap after GC invocations=67 (full 3):
 PSYoungGen      total 17920K, used 1023K [0x00000000d5580000, 0x00000000d6d80000, 0x0000000100000000)
  eden space 16896K, 0% used [0x00000000d5580000,0x00000000d5580000,0x00000000d6600000)
  from space 1024K, 99% used [0x00000000d6900000,0x00000000d69fffd8,0x00000000d6a00000)
  to   space 3072K, 0% used [0x00000000d6600000,0x00000000d6600000,0x00000000d6900000)
 ParOldGen       total 68608K, used 50285K [0x0000000080000000, 0x0000000084300000, 0x00000000d5580000)
  object space 68608K, 73% used [0x0000000080000000,0x000000008311b730,0x0000000084300000)
 Metaspace       used 60665K, committed 62144K, reserved 1114112K
  class space    used 6454K, committed 7104K, reserved 1048576K
}
Event: 24.279 GC heap before
{Heap before GC invocations=68 (full 3):
 PSYoungGen      total 17920K, used 17919K [0x00000000d5580000, 0x00000000d6d80000, 0x0000000100000000)
  eden space 16896K, 100% used [0x00000000d5580000,0x00000000d6600000,0x00000000d6600000)
  from space 1024K, 99% used [0x00000000d6900000,0x00000000d69fffd8,0x00000000d6a00000)
  to   space 3072K, 0% used [0x00000000d6600000,0x00000000d6600000,0x00000000d6900000)
 ParOldGen       total 68608K, used 50285K [0x0000000080000000, 0x0000000084300000, 0x00000000d5580000)
  object space 68608K, 73% used [0x0000000080000000,0x000000008311b730,0x0000000084300000)
 Metaspace       used 60898K, committed 62400K, reserved 1114112K
  class space    used 6488K, committed 7168K, reserved 1048576K
}
Event: 24.282 GC heap after
{Heap after GC invocations=68 (full 3):
 PSYoungGen      total 18432K, used 1118K [0x00000000d5580000, 0x00000000d6a00000, 0x0000000100000000)
  eden space 16896K, 0% used [0x00000000d5580000,0x00000000d5580000,0x00000000d6600000)
  from space 1536K, 72% used [0x00000000d6600000,0x00000000d6717a88,0x00000000d6780000)
  to   space 2048K, 0% used [0x00000000d6800000,0x00000000d6800000,0x00000000d6a00000)
 ParOldGen       total 68608K, used 51232K [0x0000000080000000, 0x0000000084300000, 0x00000000d5580000)
  object space 68608K, 74% used [0x0000000080000000,0x0000000083208298,0x0000000084300000)
 Metaspace       used 60898K, committed 62400K, reserved 1114112K
  class space    used 6488K, committed 7168K, reserved 1048576K
}
Event: 24.640 GC heap before
{Heap before GC invocations=69 (full 3):
 PSYoungGen      total 18432K, used 17991K [0x00000000d5580000, 0x00000000d6a00000, 0x0000000100000000)
  eden space 16896K, 99% used [0x00000000d5580000,0x00000000d65fa4d8,0x00000000d6600000)
  from space 1536K, 72% used [0x00000000d6600000,0x00000000d6717a88,0x00000000d6780000)
  to   space 2048K, 0% used [0x00000000d6800000,0x00000000d6800000,0x00000000d6a00000)
 ParOldGen       total 68608K, used 51232K [0x0000000080000000, 0x0000000084300000, 0x00000000d5580000)
  object space 68608K, 74% used [0x0000000080000000,0x0000000083208298,0x0000000084300000)
 Metaspace       used 61545K, committed 62976K, reserved 1114112K
  class space    used 6543K, committed 7168K, reserved 1048576K
}
Event: 24.643 GC heap after
{Heap after GC invocations=69 (full 3):
 PSYoungGen      total 17408K, used 500K [0x00000000d5580000, 0x00000000d6880000, 0x0000000100000000)
  eden space 16896K, 0% used [0x00000000d5580000,0x00000000d5580000,0x00000000d6600000)
  from space 512K, 97% used [0x00000000d6800000,0x00000000d687d200,0x00000000d6880000)
  to   space 1024K, 0% used [0x00000000d6680000,0x00000000d6680000,0x00000000d6780000)
 ParOldGen       total 68608K, used 52075K [0x0000000080000000, 0x0000000084300000, 0x00000000d5580000)
  object space 68608K, 75% used [0x0000000080000000,0x00000000832dade0,0x0000000084300000)
 Metaspace       used 61545K, committed 62976K, reserved 1114112K
  class space    used 6543K, committed 7168K, reserved 1048576K
}
Event: 25.026 GC heap before
{Heap before GC invocations=70 (full 3):
 PSYoungGen      total 17408K, used 17396K [0x00000000d5580000, 0x00000000d6880000, 0x0000000100000000)
  eden space 16896K, 99% used [0x00000000d5580000,0x00000000d65ffff0,0x00000000d6600000)
  from space 512K, 97% used [0x00000000d6800000,0x00000000d687d200,0x00000000d6880000)
  to   space 1024K, 0% used [0x00000000d6680000,0x00000000d6680000,0x00000000d6780000)
 ParOldGen       total 68608K, used 52075K [0x0000000080000000, 0x0000000084300000, 0x00000000d5580000)
  object space 68608K, 75% used [0x0000000080000000,0x00000000832dade0,0x0000000084300000)
 Metaspace       used 61752K, committed 63232K, reserved 1114112K
  class space    used 6556K, committed 7168K, reserved 1048576K
}
Event: 25.030 GC heap after
{Heap after GC invocations=70 (full 3):
 PSYoungGen      total 17920K, used 1015K [0x00000000d5580000, 0x00000000d7100000, 0x0000000100000000)
  eden space 16896K, 0% used [0x00000000d5580000,0x00000000d5580000,0x00000000d6600000)
  from space 1024K, 99% used [0x00000000d6680000,0x00000000d677dfb0,0x00000000d6780000)
  to   space 5632K, 0% used [0x00000000d6b80000,0x00000000d6b80000,0x00000000d7100000)
 ParOldGen       total 68608K, used 55586K [0x0000000080000000, 0x0000000084300000, 0x00000000d5580000)
  object space 68608K, 81% used [0x0000000080000000,0x0000000083648900,0x0000000084300000)
 Metaspace       used 61752K, committed 63232K, reserved 1114112K
  class space    used 6556K, committed 7168K, reserved 1048576K
}
Event: 93.311 GC heap before
{Heap before GC invocations=71 (full 3):
 PSYoungGen      total 17920K, used 17911K [0x00000000d5580000, 0x00000000d7100000, 0x0000000100000000)
  eden space 16896K, 100% used [0x00000000d5580000,0x00000000d6600000,0x00000000d6600000)
  from space 1024K, 99% used [0x00000000d6680000,0x00000000d677dfb0,0x00000000d6780000)
  to   space 5632K, 0% used [0x00000000d6b80000,0x00000000d6b80000,0x00000000d7100000)
 ParOldGen       total 68608K, used 55586K [0x0000000080000000, 0x0000000084300000, 0x00000000d5580000)
  object space 68608K, 81% used [0x0000000080000000,0x0000000083648900,0x0000000084300000)
 Metaspace       used 62830K, committed 64320K, reserved 1114112K
  class space    used 6613K, committed 7296K, reserved 1048576K
}
Event: 93.316 GC heap after
{Heap after GC invocations=71 (full 3):
 PSYoungGen      total 19456K, used 2228K [0x00000000d5580000, 0x00000000d6e00000, 0x0000000100000000)
  eden space 16896K, 0% used [0x00000000d5580000,0x00000000d5580000,0x00000000d6600000)
  from space 2560K, 87% used [0x00000000d6b80000,0x00000000d6dad2f0,0x00000000d6e00000)
  to   space 3072K, 0% used [0x00000000d6800000,0x00000000d6800000,0x00000000d6b00000)
 ParOldGen       total 68608K, used 56602K [0x0000000080000000, 0x0000000084300000, 0x00000000d5580000)
  object space 68608K, 82% used [0x0000000080000000,0x0000000083746a08,0x0000000084300000)
 Metaspace       used 62830K, committed 64320K, reserved 1114112K
  class space    used 6613K, committed 7296K, reserved 1048576K
}
Event: 187.178 GC heap before
{Heap before GC invocations=72 (full 3):
 PSYoungGen      total 19456K, used 19124K [0x00000000d5580000, 0x00000000d6e00000, 0x0000000100000000)
  eden space 16896K, 100% used [0x00000000d5580000,0x00000000d6600000,0x00000000d6600000)
  from space 2560K, 87% used [0x00000000d6b80000,0x00000000d6dad2f0,0x00000000d6e00000)
  to   space 3072K, 0% used [0x00000000d6800000,0x00000000d6800000,0x00000000d6b00000)
 ParOldGen       total 68608K, used 56602K [0x0000000080000000, 0x0000000084300000, 0x00000000d5580000)
  object space 68608K, 82% used [0x0000000080000000,0x0000000083746a08,0x0000000084300000)
 Metaspace       used 63520K, committed 65024K, reserved 1114112K
  class space    used 6669K, committed 7360K, reserved 1048576K
}
Event: 187.181 GC heap after
{Heap after GC invocations=72 (full 3):
 PSYoungGen      total 17920K, used 954K [0x00000000d5580000, 0x00000000d6c00000, 0x0000000100000000)
  eden space 16896K, 0% used [0x00000000d5580000,0x00000000d5580000,0x00000000d6600000)
  from space 1024K, 93% used [0x00000000d6800000,0x00000000d68ee920,0x00000000d6900000)
  to   space 2048K, 0% used [0x00000000d6a00000,0x00000000d6a00000,0x00000000d6c00000)
 ParOldGen       total 68608K, used 58059K [0x0000000080000000, 0x0000000084300000, 0x00000000d5580000)
  object space 68608K, 84% used [0x0000000080000000,0x00000000838b2c28,0x0000000084300000)
 Metaspace       used 63520K, committed 65024K, reserved 1114112K
  class space    used 6669K, committed 7360K, reserved 1048576K
}
Event: 196.040 GC heap before
{Heap before GC invocations=73 (full 3):
 PSYoungGen      total 17920K, used 17850K [0x00000000d5580000, 0x00000000d6c00000, 0x0000000100000000)
  eden space 16896K, 100% used [0x00000000d5580000,0x00000000d6600000,0x00000000d6600000)
  from space 1024K, 93% used [0x00000000d6800000,0x00000000d68ee920,0x00000000d6900000)
  to   space 2048K, 0% used [0x00000000d6a00000,0x00000000d6a00000,0x00000000d6c00000)
 ParOldGen       total 68608K, used 58059K [0x0000000080000000, 0x0000000084300000, 0x00000000d5580000)
  object space 68608K, 84% used [0x0000000080000000,0x00000000838b2c28,0x0000000084300000)
 Metaspace       used 64319K, committed 65920K, reserved 1114112K
  class space    used 6740K, committed 7488K, reserved 1048576K
}
Event: 196.041 GC heap after
{Heap after GC invocations=73 (full 3):
 PSYoungGen      total 17920K, used 724K [0x00000000d5580000, 0x00000000d6b00000, 0x0000000100000000)
  eden space 16896K, 0% used [0x00000000d5580000,0x00000000d5580000,0x00000000d6600000)
  from space 1024K, 70% used [0x00000000d6a00000,0x00000000d6ab5200,0x00000000d6b00000)
  to   space 1024K, 0% used [0x00000000d6800000,0x00000000d6800000,0x00000000d6900000)
 ParOldGen       total 68608K, used 58195K [0x0000000080000000, 0x0000000084300000, 0x00000000d5580000)
  object space 68608K, 84% used [0x0000000080000000,0x00000000838d4c48,0x0000000084300000)
 Metaspace       used 64319K, committed 65920K, reserved 1114112K
  class space    used 6740K, committed 7488K, reserved 1048576K
}
Event: 233.945 GC heap before
{Heap before GC invocations=74 (full 3):
 PSYoungGen      total 17920K, used 17595K [0x00000000d5580000, 0x00000000d6b00000, 0x0000000100000000)
  eden space 16896K, 99% used [0x00000000d5580000,0x00000000d65f9bc8,0x00000000d6600000)
  from space 1024K, 70% used [0x00000000d6a00000,0x00000000d6ab5200,0x00000000d6b00000)
  to   space 1024K, 0% used [0x00000000d6800000,0x00000000d6800000,0x00000000d6900000)
 ParOldGen       total 68608K, used 58195K [0x0000000080000000, 0x0000000084300000, 0x00000000d5580000)
  object space 68608K, 84% used [0x0000000080000000,0x00000000838d4c48,0x0000000084300000)
 Metaspace       used 64585K, committed 66176K, reserved 1114112K
  class space    used 6749K, committed 7488K, reserved 1048576K
}
Event: 233.946 GC heap after
{Heap after GC invocations=74 (full 3):
 PSYoungGen      total 17920K, used 186K [0x00000000d5580000, 0x00000000d6a80000, 0x0000000100000000)
  eden space 16896K, 0% used [0x00000000d5580000,0x00000000d5580000,0x00000000d6600000)
  from space 1024K, 18% used [0x00000000d6800000,0x00000000d682e900,0x00000000d6900000)
  to   space 512K, 0% used [0x00000000d6a00000,0x00000000d6a00000,0x00000000d6a80000)
 ParOldGen       total 68608K, used 58315K [0x0000000080000000, 0x0000000084300000, 0x00000000d5580000)
  object space 68608K, 84% used [0x0000000080000000,0x00000000838f2c48,0x0000000084300000)
 Metaspace       used 64585K, committed 66176K, reserved 1114112K
  class space    used 6749K, committed 7488K, reserved 1048576K
}
Event: 237.624 GC heap before
{Heap before GC invocations=75 (full 3):
 PSYoungGen      total 17920K, used 17082K [0x00000000d5580000, 0x00000000d6a80000, 0x0000000100000000)
  eden space 16896K, 100% used [0x00000000d5580000,0x00000000d6600000,0x00000000d6600000)
  from space 1024K, 18% used [0x00000000d6800000,0x00000000d682e900,0x00000000d6900000)
  to   space 512K, 0% used [0x00000000d6a00000,0x00000000d6a00000,0x00000000d6a80000)
 ParOldGen       total 68608K, used 58315K [0x0000000080000000, 0x0000000084300000, 0x00000000d5580000)
  object space 68608K, 84% used [0x0000000080000000,0x00000000838f2c48,0x0000000084300000)
 Metaspace       used 66556K, committed 68096K, reserved 1114112K
  class space    used 6968K, committed 7680K, reserved 1048576K
}
Event: 237.626 GC heap after
{Heap after GC invocations=75 (full 3):
 PSYoungGen      total 17408K, used 497K [0x00000000d5580000, 0x00000000d6a80000, 0x0000000100000000)
  eden space 16896K, 0% used [0x00000000d5580000,0x00000000d5580000,0x00000000d6600000)
  from space 512K, 97% used [0x00000000d6a00000,0x00000000d6a7c5d0,0x00000000d6a80000)
  to   space 1024K, 0% used [0x00000000d6880000,0x00000000d6880000,0x00000000d6980000)
 ParOldGen       total 68608K, used 58411K [0x0000000080000000, 0x0000000084300000, 0x00000000d5580000)
  object space 68608K, 85% used [0x0000000080000000,0x000000008390ac48,0x0000000084300000)
 Metaspace       used 66556K, committed 68096K, reserved 1114112K
  class space    used 6968K, committed 7680K, reserved 1048576K
}
Event: 347.403 GC heap before
{Heap before GC invocations=76 (full 3):
 PSYoungGen      total 17408K, used 17393K [0x00000000d5580000, 0x00000000d6a80000, 0x0000000100000000)
  eden space 16896K, 100% used [0x00000000d5580000,0x00000000d6600000,0x00000000d6600000)
  from space 512K, 97% used [0x00000000d6a00000,0x00000000d6a7c5d0,0x00000000d6a80000)
  to   space 1024K, 0% used [0x00000000d6880000,0x00000000d6880000,0x00000000d6980000)
 ParOldGen       total 68608K, used 58411K [0x0000000080000000, 0x0000000084300000, 0x00000000d5580000)
  object space 68608K, 85% used [0x0000000080000000,0x000000008390ac48,0x0000000084300000)
 Metaspace       used 68191K, committed 69760K, reserved 1114112K
  class space    used 7231K, committed 7936K, reserved 1048576K
}
Event: 347.405 GC heap after
{Heap after GC invocations=76 (full 3):
 PSYoungGen      total 17920K, used 704K [0x00000000d5580000, 0x00000000d6a80000, 0x0000000100000000)
  eden space 16896K, 0% used [0x00000000d5580000,0x00000000d5580000,0x00000000d6600000)
  from space 1024K, 68% used [0x00000000d6880000,0x00000000d6930088,0x00000000d6980000)
  to   space 1024K, 0% used [0x00000000d6980000,0x00000000d6980000,0x00000000d6a80000)
 ParOldGen       total 68608K, used 58834K [0x0000000080000000, 0x0000000084300000, 0x00000000d5580000)
  object space 68608K, 85% used [0x0000000080000000,0x0000000083974840,0x0000000084300000)
 Metaspace       used 68191K, committed 69760K, reserved 1114112K
  class space    used 7231K, committed 7936K, reserved 1048576K
}

Dll operation events (11 events):
Event: 0.024 Loaded shared library c:\Users\srawa\.cursor\extensions\redhat.java-1.45.0-win32-x64\jre\21.0.8-win32-x86_64\bin\java.dll
Event: 0.133 Loaded shared library c:\Users\srawa\.cursor\extensions\redhat.java-1.45.0-win32-x64\jre\21.0.8-win32-x86_64\bin\zip.dll
Event: 0.162 Loaded shared library C:\Users\srawa\.cursor\extensions\redhat.java-1.45.0-win32-x64\jre\21.0.8-win32-x86_64\bin\instrument.dll
Event: 0.171 Loaded shared library C:\Users\srawa\.cursor\extensions\redhat.java-1.45.0-win32-x64\jre\21.0.8-win32-x86_64\bin\net.dll
Event: 0.174 Loaded shared library C:\Users\srawa\.cursor\extensions\redhat.java-1.45.0-win32-x64\jre\21.0.8-win32-x86_64\bin\nio.dll
Event: 0.179 Loaded shared library C:\Users\srawa\.cursor\extensions\redhat.java-1.45.0-win32-x64\jre\21.0.8-win32-x86_64\bin\zip.dll
Event: 0.228 Loaded shared library C:\Users\srawa\.cursor\extensions\redhat.java-1.45.0-win32-x64\jre\21.0.8-win32-x86_64\bin\jimage.dll
Event: 0.341 Loaded shared library c:\Users\srawa\.cursor\extensions\redhat.java-1.45.0-win32-x64\jre\21.0.8-win32-x86_64\bin\verify.dll
Event: 1.908 Loaded shared library C:\Users\srawa\AppData\Roaming\Cursor\User\globalStorage\redhat.java\1.45.0\config_win\org.eclipse.equinox.launcher\org.eclipse.equinox.launcher.win32.win32.x86_64_1.2.1400.v20250801-0854\eclipse_11916.dll
Event: 9.083 Loaded shared library C:\Users\srawa\AppData\Local\Temp\jna-109698092\jna9129505351668942870.dll
Event: 237.420 Loaded shared library C:\Users\srawa\.cursor\extensions\redhat.java-1.45.0-win32-x64\jre\21.0.8-win32-x86_64\bin\extnet.dll

Deoptimization events (20 events):
Event: 237.444 Thread 0x000002de05ffeb50 DEOPT PACKING pc=0x000002de31abc3c0 sp=0x000000e884ffa550
Event: 237.444 Thread 0x000002de05ffeb50 DEOPT UNPACKING pc=0x000002de31103aa2 sp=0x000000e884ffa500 mode 2
Event: 237.748 Thread 0x000002de05ffeb50 Uncommon trap: trap_request=0xffffffc6 fr.pc=0x000002de317a4b64 relative=0x00000000000003e4
Event: 237.748 Thread 0x000002de05ffeb50 Uncommon trap: reason=bimorphic_or_optimized_type_check action=maybe_recompile pc=0x000002de317a4b64 method=java.lang.ThreadLocal.set(Ljava/lang/Thread;Ljava/lang/Object;)V @ 22 c2
Event: 237.748 Thread 0x000002de05ffeb50 DEOPT PACKING pc=0x000002de317a4b64 sp=0x000000e884ffef90
Event: 237.748 Thread 0x000002de05ffeb50 DEOPT UNPACKING pc=0x000002de31103aa2 sp=0x000000e884ffeed8 mode 2
Event: 237.855 Thread 0x000002de05ffca80 Uncommon trap: trap_request=0xffffff45 fr.pc=0x000002de31c422b0 relative=0x0000000000000390
Event: 237.855 Thread 0x000002de05ffca80 Uncommon trap: reason=unstable_if action=reinterpret pc=0x000002de31c422b0 method=java.lang.String.split(Ljava/lang/String;IZ)[Ljava/lang/String; @ 34 c2
Event: 237.855 Thread 0x000002de05ffca80 DEOPT PACKING pc=0x000002de31c422b0 sp=0x000000e8857febc0
Event: 237.855 Thread 0x000002de05ffca80 DEOPT UNPACKING pc=0x000002de31103aa2 sp=0x000000e8857feb38 mode 2
Event: 329.314 Thread 0x000002de070271d0 Uncommon trap: trap_request=0xffffff45 fr.pc=0x000002de317063a8 relative=0x0000000000000468
Event: 329.314 Thread 0x000002de070271d0 Uncommon trap: reason=unstable_if action=reinterpret pc=0x000002de317063a8 method=java.lang.AbstractStringBuilder.isLatin1()Z @ 10 c2
Event: 329.314 Thread 0x000002de070271d0 DEOPT PACKING pc=0x000002de317063a8 sp=0x000000e8864fe880
Event: 329.314 Thread 0x000002de070271d0 DEOPT UNPACKING pc=0x000002de31103aa2 sp=0x000000e8864fe710 mode 2
Event: 347.396 Thread 0x000002de070271d0 DEOPT PACKING pc=0x000002de2a9bfc7e sp=0x000000e8864fe280
Event: 347.396 Thread 0x000002de070271d0 DEOPT UNPACKING pc=0x000002de31104242 sp=0x000000e8864fd748 mode 0
Event: 347.420 Thread 0x000002de070271d0 DEOPT PACKING pc=0x000002de2aff0665 sp=0x000000e8864fd820
Event: 347.420 Thread 0x000002de070271d0 DEOPT UNPACKING pc=0x000002de31104242 sp=0x000000e8864fccd8 mode 0
Event: 349.760 Thread 0x000002de070271d0 DEOPT PACKING pc=0x000002de2b2dba44 sp=0x000000e8864feb10
Event: 349.761 Thread 0x000002de070271d0 DEOPT UNPACKING pc=0x000002de31104242 sp=0x000000e8864fe010 mode 0

Classes loaded (20 events):
Event: 237.844 Loading class java/util/stream/SliceOps
Event: 237.844 Loading class java/util/stream/SliceOps done
Event: 237.844 Loading class java/util/stream/SliceOps$1
Event: 237.845 Loading class java/util/stream/SliceOps$1 done
Event: 237.852 Loading class java/util/stream/SliceOps$1$1
Event: 237.852 Loading class java/util/stream/SliceOps$1$1 done
Event: 237.864 Loading class java/util/concurrent/CompletableFuture$UniWhenComplete
Event: 237.865 Loading class java/util/concurrent/CompletableFuture$UniWhenComplete done
Event: 237.865 Loading class java/util/concurrent/CompletableFuture$UniCompose
Event: 237.866 Loading class java/util/concurrent/CompletableFuture$UniCompose done
Event: 237.866 Loading class java/util/concurrent/CompletableFuture$UniRelay
Event: 237.866 Loading class java/util/concurrent/CompletableFuture$UniRelay done
Event: 238.660 Loading class java/util/concurrent/ScheduledThreadPoolExecutor$DelayedWorkQueue$Itr
Event: 238.661 Loading class java/util/concurrent/ScheduledThreadPoolExecutor$DelayedWorkQueue$Itr done
Event: 239.168 Loading class java/lang/ProcessHandleImpl$ExitCompletion
Event: 239.168 Loading class java/lang/ProcessHandleImpl$ExitCompletion done
Event: 239.168 Loading class java/lang/ProcessHandleImpl$1
Event: 239.168 Loading class java/lang/ProcessHandleImpl$1 done
Event: 239.170 Loading class java/util/concurrent/CompletableFuture$UniHandle
Event: 239.170 Loading class java/util/concurrent/CompletableFuture$UniHandle done

Classes unloaded (10 events):
Event: 11.184 Thread 0x000002de26a4e4a0 Unloading class 0x000002de3f1ab000 'java/lang/invoke/LambdaForm$MH+0x000002de3f1ab000'
Event: 11.184 Thread 0x000002de26a4e4a0 Unloading class 0x000002de3f1aac00 'java/lang/invoke/LambdaForm$MH+0x000002de3f1aac00'
Event: 11.184 Thread 0x000002de26a4e4a0 Unloading class 0x000002de3f1aa800 'java/lang/invoke/LambdaForm$MH+0x000002de3f1aa800'
Event: 11.184 Thread 0x000002de26a4e4a0 Unloading class 0x000002de3f1aa400 'java/lang/invoke/LambdaForm$MH+0x000002de3f1aa400'
Event: 11.184 Thread 0x000002de26a4e4a0 Unloading class 0x000002de3f1aa000 'java/lang/invoke/LambdaForm$BMH+0x000002de3f1aa000'
Event: 11.184 Thread 0x000002de26a4e4a0 Unloading class 0x000002de3f1a9c00 'java/lang/invoke/LambdaForm$DMH+0x000002de3f1a9c00'
Event: 11.184 Thread 0x000002de26a4e4a0 Unloading class 0x000002de3f1a8800 'java/lang/invoke/LambdaForm$DMH+0x000002de3f1a8800'
Event: 23.331 Thread 0x000002de26a4e4a0 Unloading class 0x000002de3f6b2c00 'java/lang/invoke/LambdaForm$MH+0x000002de3f6b2c00'
Event: 23.331 Thread 0x000002de26a4e4a0 Unloading class 0x000002de3f6b2400 'java/lang/invoke/LambdaForm$MH+0x000002de3f6b2400'
Event: 23.331 Thread 0x000002de26a4e4a0 Unloading class 0x000002de3f6b1c00 'java/lang/invoke/LambdaForm$MH+0x000002de3f6b1c00'

Classes redefined (0 events):
No events

Internal exceptions (20 events):
Event: 32.530 Thread 0x000002de07028580 Exception <a 'java/lang/ArrayIndexOutOfBoundsException'{0x00000000d5e20d98}> (0x00000000d5e20d98) 
thrown [s\src\hotspot\share\runtime\sharedRuntime.cpp, line 625]
Event: 38.584 Thread 0x000002de070271d0 Exception <a 'java/lang/IncompatibleClassChangeError'{0x00000000d5e37840}: Found class java.lang.Object, but interface was expected> (0x00000000d5e37840) 
thrown [s\src\hotspot\share\interpreter\linkResolver.cpp, line 840]
Event: 143.238 Thread 0x000002de070271d0 Exception <a 'java/lang/IncompatibleClassChangeError'{0x00000000d5fe1270}: Found class java.lang.Object, but interface was expected> (0x00000000d5fe1270) 
thrown [s\src\hotspot\share\interpreter\linkResolver.cpp, line 840]
Event: 237.167 Thread 0x000002de05ffa320 Exception <a 'java/lang/NoSuchMethodError'{0x00000000d58c3c20}: 'java.lang.Object java.lang.invoke.DirectMethodHandle$Holder.newInvokeSpecial(java.lang.Object, java.lang.Object, int)'> (0x00000000d58c3c20) 
thrown [s\src\hotspot\share\interpreter\linkResolver.cpp, line 773]
Event: 237.235 Thread 0x000002de05ffa320 Exception <a 'sun/nio/fs/WindowsException'{0x00000000d5a2a1c0}> (0x00000000d5a2a1c0) 
thrown [s\src\hotspot\share\prims\jni.cpp, line 520]
Event: 237.236 Thread 0x000002de05ffa320 Exception <a 'sun/nio/fs/WindowsException'{0x00000000d5a2ab88}> (0x00000000d5a2ab88) 
thrown [s\src\hotspot\share\prims\jni.cpp, line 520]
Event: 237.236 Thread 0x000002de05ffa320 Exception <a 'sun/nio/fs/WindowsException'{0x00000000d5a2bb50}> (0x00000000d5a2bb50) 
thrown [s\src\hotspot\share\prims\jni.cpp, line 520]
Event: 237.236 Thread 0x000002de05ffa320 Exception <a 'sun/nio/fs/WindowsException'{0x00000000d5a2c518}> (0x00000000d5a2c518) 
thrown [s\src\hotspot\share\prims\jni.cpp, line 520]
Event: 237.237 Thread 0x000002de05ffa320 Exception <a 'sun/nio/fs/WindowsException'{0x00000000d5a2df40}> (0x00000000d5a2df40) 
thrown [s\src\hotspot\share\prims\jni.cpp, line 520]
Event: 237.237 Thread 0x000002de05ffa320 Exception <a 'sun/nio/fs/WindowsException'{0x00000000d5a2e658}> (0x00000000d5a2e658) 
thrown [s\src\hotspot\share\prims\jni.cpp, line 520]
Event: 237.243 Thread 0x000002de05ffa320 Exception <a 'sun/nio/fs/WindowsException'{0x00000000d5a49288}> (0x00000000d5a49288) 
thrown [s\src\hotspot\share\prims\jni.cpp, line 520]
Event: 237.243 Thread 0x000002de05ffa320 Exception <a 'sun/nio/fs/WindowsException'{0x00000000d5a49c50}> (0x00000000d5a49c50) 
thrown [s\src\hotspot\share\prims\jni.cpp, line 520]
Event: 237.461 Thread 0x000002de05ffeb50 Exception <a 'java/io/FileNotFoundException'{0x00000000d5e95058}> (0x00000000d5e95058) 
thrown [s\src\hotspot\share\prims\jni.cpp, line 520]
Event: 237.755 Thread 0x000002de05ffeb50 Exception <a 'java/lang/NoSuchMethodError'{0x00000000d5cbe238}: 'java.lang.Object java.lang.invoke.DirectMethodHandle$Holder.invokeVirtual(java.lang.Object, java.lang.Object, java.lang.Object, java.lang.Object)'> (0x00000000d5cbe238) 
thrown [s\src\hotspot\share\interpreter\linkResolver.cpp, line 773]
Event: 237.812 Thread 0x000002de05ffca80 Exception <a 'java/lang/NoSuchMethodError'{0x00000000d60cf7b0}: 'java.lang.Object java.lang.invoke.DirectMethodHandle$Holder.invokeStatic(java.lang.Object, long, java.lang.Object, java.lang.Object)'> (0x00000000d60cf7b0) 
thrown [s\src\hotspot\share\interpreter\linkResolver.cpp, line 773]
Event: 237.834 Thread 0x000002de05ffca80 Exception <a 'sun/nio/fs/WindowsException'{0x00000000d6166460}> (0x00000000d6166460) 
thrown [s\src\hotspot\share\prims\jni.cpp, line 520]
Event: 237.834 Thread 0x000002de05ffca80 Exception <a 'sun/nio/fs/WindowsException'{0x00000000d6167480}> (0x00000000d6167480) 
thrown [s\src\hotspot\share\prims\jni.cpp, line 520]
Event: 238.575 Thread 0x000002de05ffd7a0 Exception <a 'java/lang/NoSuchMethodError'{0x00000000d625ad30}: 'long java.lang.invoke.DelegatingMethodHandle$Holder.reinvoke_L(java.lang.Object, java.lang.Object)'> (0x00000000d625ad30) 
thrown [s\src\hotspot\share\interpreter\linkResolver.cpp, line 773]
Event: 238.577 Thread 0x000002de05ffd7a0 Exception <a 'java/lang/NoSuchMethodError'{0x00000000d6264f10}: 'void java.lang.invoke.DelegatingMethodHandle$Holder.reinvoke_L(java.lang.Object, java.lang.Object, long)'> (0x00000000d6264f10) 
thrown [s\src\hotspot\share\interpreter\linkResolver.cpp, line 773]
Event: 239.171 Thread 0x000002de05ffd7a0 Exception <a 'java/lang/NoSuchMethodError'{0x00000000d6358cd8}: 'long java.lang.invoke.Invokers$Holder.invokeExact_MT(java.lang.Object, java.lang.Object, java.lang.Object)'> (0x00000000d6358cd8) 
thrown [s\src\hotspot\share\interpreter\linkResolver.cpp, line 773]

ZGC Phase Switch (0 events):
No events

VM Operations (20 events):
Event: 310.699 Executing VM operation: Cleanup
Event: 310.699 Executing VM operation: Cleanup done
Event: 329.903 Executing VM operation: Cleanup
Event: 329.903 Executing VM operation: Cleanup done
Event: 347.403 Executing VM operation: ParallelGCFailedAllocation (Allocation Failure)
Event: 347.406 Executing VM operation: ParallelGCFailedAllocation (Allocation Failure) done
Event: 348.410 Executing VM operation: Cleanup
Event: 348.410 Executing VM operation: Cleanup done
Event: 350.425 Executing VM operation: Cleanup
Event: 350.425 Executing VM operation: Cleanup done
Event: 360.811 Executing VM operation: HandshakeAllThreads (HandshakeForDeflation)
Event: 360.811 Executing VM operation: HandshakeAllThreads (HandshakeForDeflation) done
Event: 360.812 Executing VM operation: RendezvousGCThreads
Event: 360.812 Executing VM operation: RendezvousGCThreads done
Event: 374.954 Executing VM operation: Cleanup
Event: 374.954 Executing VM operation: Cleanup done
Event: 397.184 Executing VM operation: Cleanup
Event: 397.185 Executing VM operation: Cleanup done
Event: 425.449 Executing VM operation: Cleanup
Event: 425.449 Executing VM operation: Cleanup done

Memory protections (0 events):
No events

Nmethod flushes (20 events):
Event: 23.358 Thread 0x000002de26a4e4a0 flushing  nmethod 0x000002de2a500390
Event: 23.358 Thread 0x000002de26a4e4a0 flushing  nmethod 0x000002de2a500910
Event: 23.358 Thread 0x000002de26a4e4a0 flushing  nmethod 0x000002de2a500e90
Event: 23.358 Thread 0x000002de26a4e4a0 flushing  nmethod 0x000002de2a502290
Event: 23.358 Thread 0x000002de26a4e4a0 flushing  nmethod 0x000002de2a502890
Event: 23.358 Thread 0x000002de26a4e4a0 flushing  nmethod 0x000002de2a503110
Event: 23.358 Thread 0x000002de26a4e4a0 flushing  nmethod 0x000002de2a503610
Event: 23.358 Thread 0x000002de26a4e4a0 flushing  nmethod 0x000002de2a503e10
Event: 23.358 Thread 0x000002de26a4e4a0 flushing  nmethod 0x000002de2a504d10
Event: 23.358 Thread 0x000002de26a4e4a0 flushing  nmethod 0x000002de2a505a90
Event: 23.358 Thread 0x000002de26a4e4a0 flushing  nmethod 0x000002de2a50e890
Event: 23.358 Thread 0x000002de26a4e4a0 flushing  nmethod 0x000002de2a521610
Event: 23.358 Thread 0x000002de26a4e4a0 flushing  nmethod 0x000002de2a526790
Event: 23.358 Thread 0x000002de26a4e4a0 flushing  nmethod 0x000002de2a526c90
Event: 23.358 Thread 0x000002de26a4e4a0 flushing  nmethod 0x000002de2a52ea10
Event: 23.358 Thread 0x000002de26a4e4a0 flushing  nmethod 0x000002de2a52fe90
Event: 23.358 Thread 0x000002de26a4e4a0 flushing  nmethod 0x000002de2a530690
Event: 23.358 Thread 0x000002de26a4e4a0 flushing  nmethod 0x000002de2a530c90
Event: 23.358 Thread 0x000002de26a4e4a0 flushing  nmethod 0x000002de2a531510
Event: 23.358 Thread 0x000002de26a4e4a0 flushing  nmethod 0x000002de2a539a90

Events (20 events):
Event: 236.700 Thread 0x000002de06ab1870 Thread exited: 0x000002de06ab1870
Event: 237.236 Thread 0x000002de26933bc0 Thread added: 0x000002de040180e0
Event: 237.423 Thread 0x000002de05ffa320 Thread added: 0x000002de05ff7bc0
Event: 237.431 Thread 0x000002de05ff7bc0 Thread added: 0x000002de05ffeb50
Event: 237.647 Thread 0x000002de05ffeb50 Thread added: 0x000002de05ffe4c0
Event: 237.653 Thread 0x000002de05ffeb50 Thread added: 0x000002de05ffd110
Event: 237.806 Thread 0x000002de05ffeb50 Thread added: 0x000002de05ffca80
Event: 237.860 Thread 0x000002de05ffca80 Thread added: 0x000002de05ffbd60
Event: 238.573 Thread 0x000002de05ffeb50 Thread added: 0x000002de05ffd7a0
Event: 238.573 Thread 0x000002de05ffbd60 Thread exited: 0x000002de05ffbd60
Event: 238.573 Thread 0x000002de040180e0 Thread exited: 0x000002de040180e0
Event: 239.169 Thread 0x000002de05ffd7a0 Thread added: 0x000002de05ffb6d0
Event: 239.175 Thread 0x000002de05ffd7a0 Thread exited: 0x000002de05ffd7a0
Event: 297.423 Thread 0x000002de05ffa320 Thread exited: 0x000002de05ffa320
Event: 347.420 Thread 0x000002de26933bc0 Thread added: 0x000002de0401a2f0
Event: 347.568 Thread 0x000002de04d3cd60 Thread added: 0x000002de05ffbd60
Event: 349.760 Thread 0x000002de0401a2f0 Thread exited: 0x000002de0401a2f0
Event: 357.428 Thread 0x000002de07028580 Thread exited: 0x000002de07028580
Event: 408.129 Thread 0x000002de070215f0 Thread exited: 0x000002de070215f0
Event: 417.430 Thread 0x000002de05ff7530 Thread exited: 0x000002de05ff7530


Dynamic libraries:
0x00007ff690140000 - 0x00007ff69014e000 	c:\Users\srawa\.cursor\extensions\redhat.java-1.45.0-win32-x64\jre\21.0.8-win32-x86_64\bin\java.exe
0x00007fffb95c0000 - 0x00007fffb9829000 	C:\WINDOWS\SYSTEM32\ntdll.dll
0x00007fffb82e0000 - 0x00007fffb83a9000 	C:\WINDOWS\System32\KERNEL32.DLL
0x00007fffb6f90000 - 0x00007fffb7383000 	C:\WINDOWS\System32\KERNELBASE.dll
0x00007fffb6750000 - 0x00007fffb689b000 	C:\WINDOWS\System32\ucrtbase.dll
0x00007fff9eeb0000 - 0x00007fff9eec8000 	c:\Users\srawa\.cursor\extensions\redhat.java-1.45.0-win32-x64\jre\21.0.8-win32-x86_64\bin\jli.dll
0x00007fffb8510000 - 0x00007fffb86d4000 	C:\WINDOWS\System32\USER32.dll
0x00007fffb68a0000 - 0x00007fffb68c7000 	C:\WINDOWS\System32\win32u.dll
0x00007fffb7e50000 - 0x00007fffb7e7b000 	C:\WINDOWS\System32\GDI32.dll
0x00007fffb68d0000 - 0x00007fffb69fd000 	C:\WINDOWS\System32\gdi32full.dll
0x00007fffb6c20000 - 0x00007fffb6cc3000 	C:\WINDOWS\System32\msvcp_win.dll
0x00007fff9ef60000 - 0x00007fff9ef7e000 	c:\Users\srawa\.cursor\extensions\redhat.java-1.45.0-win32-x64\jre\21.0.8-win32-x86_64\bin\VCRUNTIME140.dll
0x00007fff9af60000 - 0x00007fff9b1f3000 	C:\WINDOWS\WinSxS\amd64_microsoft.windows.common-controls_6595b64144ccf1df_6.0.26100.5074_none_3e0d6f78e32fd63f\COMCTL32.dll
0x00007fffb8b90000 - 0x00007fffb8c39000 	C:\WINDOWS\System32\msvcrt.dll
0x00007fffb84d0000 - 0x00007fffb84ff000 	C:\WINDOWS\System32\IMM32.DLL
0x00007fffb36f0000 - 0x00007fffb36fc000 	c:\Users\srawa\.cursor\extensions\redhat.java-1.45.0-win32-x64\jre\21.0.8-win32-x86_64\bin\vcruntime140_1.dll
0x00007fff5a740000 - 0x00007fff5a7cd000 	c:\Users\srawa\.cursor\extensions\redhat.java-1.45.0-win32-x64\jre\21.0.8-win32-x86_64\bin\msvcp140.dll
0x00007fff4e840000 - 0x00007fff4f5d7000 	c:\Users\srawa\.cursor\extensions\redhat.java-1.45.0-win32-x64\jre\21.0.8-win32-x86_64\bin\server\jvm.dll
0x00007fffb7f80000 - 0x00007fffb8034000 	C:\WINDOWS\System32\ADVAPI32.dll
0x00007fffb74f0000 - 0x00007fffb7596000 	C:\WINDOWS\System32\sechost.dll
0x00007fffb83b0000 - 0x00007fffb84c8000 	C:\WINDOWS\System32\RPCRT4.dll
0x00007fffb8cc0000 - 0x00007fffb8d34000 	C:\WINDOWS\System32\WS2_32.dll
0x00007fffb65b0000 - 0x00007fffb660e000 	C:\WINDOWS\SYSTEM32\POWRPROF.dll
0x00007fffb0860000 - 0x00007fffb0895000 	C:\WINDOWS\SYSTEM32\WINMM.dll
0x00007fffb08a0000 - 0x00007fffb08ab000 	C:\WINDOWS\SYSTEM32\VERSION.dll
0x00007fffb6590000 - 0x00007fffb65a4000 	C:\WINDOWS\SYSTEM32\UMPDC.dll
0x00007fffb5530000 - 0x00007fffb554b000 	C:\WINDOWS\SYSTEM32\kernel.appcore.dll
0x00007fffb1420000 - 0x00007fffb142a000 	c:\Users\srawa\.cursor\extensions\redhat.java-1.45.0-win32-x64\jre\21.0.8-win32-x86_64\bin\jimage.dll
0x00007fffaaad0000 - 0x00007fffaad12000 	C:\WINDOWS\SYSTEM32\DBGHELP.DLL
0x00007fffb8e30000 - 0x00007fffb91ab000 	C:\WINDOWS\System32\combase.dll
0x00007fffb9410000 - 0x00007fffb94e7000 	C:\WINDOWS\System32\OLEAUT32.dll
0x00007fff9a460000 - 0x00007fff9a49d000 	C:\WINDOWS\SYSTEM32\dbgcore.DLL
0x00007fffb6b80000 - 0x00007fffb6c19000 	C:\WINDOWS\System32\bcryptPrimitives.dll
0x00007fffadc50000 - 0x00007fffadc5f000 	c:\Users\srawa\.cursor\extensions\redhat.java-1.45.0-win32-x64\jre\21.0.8-win32-x86_64\bin\instrument.dll
0x00007fff9a700000 - 0x00007fff9a71f000 	c:\Users\srawa\.cursor\extensions\redhat.java-1.45.0-win32-x64\jre\21.0.8-win32-x86_64\bin\java.dll
0x00007fffb75a0000 - 0x00007fffb7ced000 	C:\WINDOWS\System32\SHELL32.dll
0x00007fffb6cd0000 - 0x00007fffb6e3c000 	C:\WINDOWS\System32\wintypes.dll
0x00007fffb43b0000 - 0x00007fffb4c09000 	C:\WINDOWS\SYSTEM32\windows.storage.dll
0x00007fffb8040000 - 0x00007fffb8130000 	C:\WINDOWS\System32\SHCORE.dll
0x00007fffb7de0000 - 0x00007fffb7e42000 	C:\WINDOWS\System32\shlwapi.dll
0x00007fffb6670000 - 0x00007fffb6699000 	C:\WINDOWS\SYSTEM32\profapi.dll
0x00007fff879d0000 - 0x00007fff879e8000 	c:\Users\srawa\.cursor\extensions\redhat.java-1.45.0-win32-x64\jre\21.0.8-win32-x86_64\bin\zip.dll
0x00007fff9e330000 - 0x00007fff9e340000 	C:\Users\srawa\.cursor\extensions\redhat.java-1.45.0-win32-x64\jre\21.0.8-win32-x86_64\bin\net.dll
0x00007fffae500000 - 0x00007fffae61f000 	C:\WINDOWS\SYSTEM32\WINHTTP.dll
0x00007fffb5ab0000 - 0x00007fffb5b1b000 	C:\WINDOWS\system32\mswsock.dll
0x00007fff87900000 - 0x00007fff87916000 	C:\Users\srawa\.cursor\extensions\redhat.java-1.45.0-win32-x64\jre\21.0.8-win32-x86_64\bin\nio.dll
0x00007fff9d810000 - 0x00007fff9d820000 	c:\Users\srawa\.cursor\extensions\redhat.java-1.45.0-win32-x64\jre\21.0.8-win32-x86_64\bin\verify.dll
0x00007fff78de0000 - 0x00007fff78e24000 	C:\Users\srawa\AppData\Roaming\Cursor\User\globalStorage\redhat.java\1.45.0\config_win\org.eclipse.equinox.launcher\org.eclipse.equinox.launcher.win32.win32.x86_64_1.2.1400.v20250801-0854\eclipse_11916.dll
0x00007fffb8140000 - 0x00007fffb82d8000 	C:\WINDOWS\System32\ole32.dll
0x00007fffb5d50000 - 0x00007fffb5d6b000 	C:\WINDOWS\SYSTEM32\CRYPTSP.dll
0x00007fffb5490000 - 0x00007fffb54cb000 	C:\WINDOWS\system32\rsaenh.dll
0x00007fffb5b50000 - 0x00007fffb5b7b000 	C:\WINDOWS\SYSTEM32\USERENV.dll
0x00007fffb6640000 - 0x00007fffb6666000 	C:\WINDOWS\SYSTEM32\bcrypt.dll
0x00007fffb5d70000 - 0x00007fffb5d7c000 	C:\WINDOWS\SYSTEM32\CRYPTBASE.dll
0x00007fffb4f30000 - 0x00007fffb4f64000 	C:\WINDOWS\SYSTEM32\IPHLPAPI.DLL
0x00007fffb7dc0000 - 0x00007fffb7dca000 	C:\WINDOWS\System32\NSI.dll
0x00007fff758e0000 - 0x00007fff75929000 	C:\Users\srawa\AppData\Local\Temp\jna-109698092\jna9129505351668942870.dll
0x00007fffb7cf0000 - 0x00007fffb7cf8000 	C:\WINDOWS\System32\PSAPI.DLL
0x00007fffae720000 - 0x00007fffae73e000 	C:\WINDOWS\SYSTEM32\dhcpcsvc6.DLL
0x00007fffae630000 - 0x00007fffae653000 	C:\WINDOWS\SYSTEM32\dhcpcsvc.DLL
0x00007fffb3740000 - 0x00007fffb3749000 	C:\Users\srawa\.cursor\extensions\redhat.java-1.45.0-win32-x64\jre\21.0.8-win32-x86_64\bin\extnet.dll

JVMTI agents:
c:\Users\srawa\.cursor\extensions\redhat.java-1.45.0-win32-x64\lombok\lombok-1.18.39-4050.jar path:c:\Users\srawa\.cursor\extensions\redhat.java-1.45.0-win32-x64\jre\21.0.8-win32-x86_64\bin\instrument.dll, loaded, initialized, instrumentlib options:none

dbghelp: loaded successfully - version: 4.0.5 - missing functions: none
symbol engine: initialized successfully - sym options: 0x614 - pdb path: .;c:\Users\srawa\.cursor\extensions\redhat.java-1.45.0-win32-x64\jre\21.0.8-win32-x86_64\bin;C:\WINDOWS\SYSTEM32;C:\WINDOWS\WinSxS\amd64_microsoft.windows.common-controls_6595b64144ccf1df_6.0.26100.5074_none_3e0d6f78e32fd63f;c:\Users\srawa\.cursor\extensions\redhat.java-1.45.0-win32-x64\jre\21.0.8-win32-x86_64\bin\server;C:\Users\srawa\AppData\Roaming\Cursor\User\globalStorage\redhat.java\1.45.0\config_win\org.eclipse.equinox.launcher\org.eclipse.equinox.launcher.win32.win32.x86_64_1.2.1400.v20250801-0854;C:\Users\srawa\AppData\Local\Temp\jna-109698092

VM Arguments:
jvm_args: --add-modules=ALL-SYSTEM --add-opens=java.base/java.util=ALL-UNNAMED --add-opens=java.base/java.lang=ALL-UNNAMED --add-opens=java.base/sun.nio.fs=ALL-UNNAMED -Declipse.application=org.eclipse.jdt.ls.core.id1 -Dosgi.bundles.defaultStartLevel=4 -Declipse.product=org.eclipse.jdt.ls.core.product -Djava.import.generatesMetadataFilesAtProjectRoot=false -DDetectVMInstallationsJob.disabled=true -Dfile.encoding=utf8 -XX:+UseParallelGC -XX:GCTimeRatio=4 -XX:AdaptiveSizePolicyWeight=90 -Dsun.zip.disableMemoryMapping=true -Xmx2G -Xms100m -Xlog:disable -javaagent:c:\Users\srawa\.cursor\extensions\redhat.java-1.45.0-win32-x64\lombok\lombok-1.18.39-4050.jar -XX:+HeapDumpOnOutOfMemoryError -XX:HeapDumpPath=c:\Users\srawa\AppData\Roaming\Cursor\User\workspaceStorage\53dd782a358c8e7ae3a357cb4d719318\redhat.java -Daether.dependencyCollector.impl=bf 
java_command: c:\Users\srawa\.cursor\extensions\redhat.java-1.45.0-win32-x64\server\plugins\org.eclipse.equinox.launcher_1.7.0.v20250519-0528.jar -configuration c:\Users\srawa\AppData\Roaming\Cursor\User\globalStorage\redhat.java\1.45.0\config_win -data c:\Users\srawa\AppData\Roaming\Cursor\User\workspaceStorage\53dd782a358c8e7ae3a357cb4d719318\redhat.java\jdt_ws --pipe=\\.\pipe\lsp-fd5a37bd826707543bd088c38b49f6aa-sock
java_class_path (initial): c:\Users\srawa\.cursor\extensions\redhat.java-1.45.0-win32-x64\server\plugins\org.eclipse.equinox.launcher_1.7.0.v20250519-0528.jar
Launcher Type: SUN_STANDARD

[Global flags]
    uintx AdaptiveSizePolicyWeight                 = 90                                        {product} {command line}
     intx CICompilerCount                          = 3                                         {product} {ergonomic}
    uintx GCTimeRatio                              = 4                                         {product} {command line}
     bool HeapDumpOnOutOfMemoryError               = true                                   {manageable} {command line}
    ccstr HeapDumpPath                             = c:\Users\srawa\AppData\Roaming\Cursor\User\workspaceStorage\53dd782a358c8e7ae3a357cb4d719318\redhat.java         {manageable} {command line}
   size_t InitialHeapSize                          = 104857600                                 {product} {command line}
   size_t MaxHeapSize                              = 2147483648                                {product} {command line}
   size_t MaxNewSize                               = 715653120                                 {product} {ergonomic}
   size_t MinHeapDeltaBytes                        = 524288                                    {product} {ergonomic}
   size_t MinHeapSize                              = 104857600                                 {product} {command line}
   size_t NewSize                                  = 34603008                                  {product} {ergonomic}
    uintx NonNMethodCodeHeapSize                   = 5832780                                {pd product} {ergonomic}
    uintx NonProfiledCodeHeapSize                  = 122912730                              {pd product} {ergonomic}
   size_t OldSize                                  = 70254592                                  {product} {ergonomic}
    uintx ProfiledCodeHeapSize                     = 122912730                              {pd product} {ergonomic}
    uintx ReservedCodeCacheSize                    = 251658240                              {pd product} {ergonomic}
     bool SegmentedCodeCache                       = true                                      {product} {ergonomic}
   size_t SoftMaxHeapSize                          = 2147483648                             {manageable} {ergonomic}
     bool UseCompressedOops                        = true                           {product lp64_product} {ergonomic}
     bool UseLargePagesIndividualAllocation        = false                                  {pd product} {ergonomic}
     bool UseParallelGC                            = true                                      {product} {command line}

Logging:
Log output configuration:
 #0: stdout all=off uptime,level,tags foldmultilines=false
 #1: stderr all=off uptime,level,tags foldmultilines=false

Environment Variables:
PATH=C:\Program Files\Eclipse Adoptium\jdk-8.0.452.9-hotspot\bin;C:\Program Files\Common Files\Oracle\Java\javapath;C:\Program Files (x86)\Common Files\Oracle\Java\java8path;C:\Program Files (x86)\Common Files\Oracle\Java\javapath;C:\ProgramData\Oracle\Java\javapath;C:\windows\system32;C:\windows;C:\windows\System32\Wbem;C:\windows\System32\WindowsPowerShell\v1.0\;C:\windows\System32\OpenSSH\;C:\Program Files\HP\HP One Agent;C:\Program Files\nodejs\;C:\ProgramData\Microsoft\Windows\Start Menu\Programs\Node.js;C:\Program Files\Java\latest\jre-1.8\bin;C:\Program Files\Java\jdk-22\bin;C:\Program Files\Cloudflare\Cloudflare WARP\;C:\Users\srawa\AppData\Roaming\npm;C:\WINDOWS\system32;C:\WINDOWS;C:\WINDOWS\System32\Wbem;C:\WINDOWS\System32\WindowsPowerShell\v1.0\;C:\WINDOWS\System32\OpenSSH\;C:\Users\srawa\OneDrive\Documents\apache-maven-3.9.10\bin;C:\Program Files\dotnet\;C:\Program Files\PuTTY\;C:\Program Files\Git\cmd;C:\Program Files\cursor\resources\app\bin;C:\Program Files\Java\jdk-22\bin;C:\Microsoft VS Code\bin;C:\Users\srawa\AppData\Local\Microsoft\WindowsApps;C:\Users\srawa\OneDrive\Documents\apache-maven-3.9.10\bin;C:\Users\srawa\AppData\Local\Programs\mongosh\
USERNAME=srawa
OS=Windows_NT
PROCESSOR_IDENTIFIER=AMD64 Family 23 Model 104 Stepping 1, AuthenticAMD
TMP=C:\Users\srawa\AppData\Local\Temp
TEMP=C:\Users\srawa\AppData\Local\Temp




Periodic native trim disabled

---------------  S Y S T E M  ---------------

OS:
 Windows 11 , 64 bit Build 26100 (10.0.26100.5074)
OS uptime: 0 days 2:49 hours
Hyper-V role detected

CPU: total 6 (initial active 6) (8 cores per cpu, 2 threads per core) family 23 model 104 stepping 1 microcode 0x8608107, cx8, cmov, fxsr, ht, mmx, 3dnowpref, sse, sse2, sse3, ssse3, sse4a, sse4.1, sse4.2, popcnt, lzcnt, tsc, tscinvbit, avx, avx2, aes, clmul, bmi1, bmi2, adx, sha, fma, vzeroupper, clflush, clflushopt, hv, rdtscp, rdpid, f16c
Processor Information for the first 6 processors :
  Max Mhz: 2600, Current Mhz: 2600, Mhz Limit: 2600

Memory: 4k page, system-wide physical 7502M (635M free)
TotalPageFile size 15694M (AvailPageFile size 84M)
current process WorkingSet (physical memory assigned to process): 89M, peak: 319M
current process commit charge ("private bytes"): 344M, peak: 408M

vm_info: OpenJDK 64-Bit Server VM (21.0.8+9-LTS) for windows-amd64 JRE (21.0.8+9-LTS), built on 2025-07-15T00:00:00Z by "admin" with MS VC++ 17.7 (VS2022)

END.
